#
# There is insufficient memory for the Java Runtime Environment to continue.
# Native memory allocation (malloc) failed to allocate 57671680 bytes for committing reserved memory.
# Possible reasons:
#   The system is out of physical RAM or swap space
#   In 32 bit mode, the process size limit was hit
# Possible solutions:
#   Reduce memory load on the system
#   Increase physical memory or swap space
#   Check if swap backing store is full
#   Use 64 bit Java on a 64 bit OS
#   Decrease Java heap size (-Xmx/-Xms)
#   Decrease number of Java threads
#   Decrease Java thread stack sizes (-Xss)
#   Set larger code cache with -XX:ReservedCodeCacheSize=
# This output file may be truncated or incomplete.
#
#  Out of Memory Error (os_linux.cpp:2726), pid=9138, tid=140472184715008
#
# JRE version: Java(TM) SE Runtime Environment (7.0_51-b13) (build 1.7.0_51-b13)
# Java VM: Java HotSpot(TM) 64-Bit Server VM (24.51-b03 mixed mode linux-amd64 compressed oops)
# Failed to write core dump. Core dumps have been disabled. To enable core dumping, try "ulimit -c unlimited" before starting Java again
#

---------------  T H R E A D  ---------------

Current thread (0x00007fc2440ea800):  VMThread [stack: 0x00007fc23a9bb000,0x00007fc23aabc000] [id=9142]

Stack: [0x00007fc23a9bb000,0x00007fc23aabc000],  sp=0x00007fc23aaba380,  free space=1020k
Native frames: (J=compiled Java code, j=interpreted, Vv=VM code, C=native code)
V  [libjvm.so+0x992f4a]  VMError::report_and_die()+0x2ea
V  [libjvm.so+0x4931ab]  report_vm_out_of_memory(char const*, int, unsigned long, char const*)+0x9b
V  [libjvm.so+0x81338e]  os::Linux::commit_memory_impl(char*, unsigned long, bool)+0xfe
V  [libjvm.so+0x81383f]  os::Linux::commit_memory_impl(char*, unsigned long, unsigned long, bool)+0x4f
V  [libjvm.so+0x813a2c]  os::pd_commit_memory(char*, unsigned long, unsigned long, bool)+0xc
V  [libjvm.so+0x80daea]  os::commit_memory(char*, unsigned long, unsigned long, bool)+0x2a
V  [libjvm.so+0x87fcd3]  PSVirtualSpace::expand_by(unsigned long)+0x53
V  [libjvm.so+0x86f2e0]  PSOldGen::expand(unsigned long)+0x170
V  [libjvm.so+0x86f4eb]  PSOldGen::resize(unsigned long)+0x1cb
V  [libjvm.so+0x8780f0]  PSParallelCompact::invoke_no_policy(bool)+0x970
V  [libjvm.so+0x87df7d]  PSScavenge::invoke()+0x1ad
V  [libjvm.so+0x834f10]  ParallelScavengeHeap::failed_mem_allocate(unsigned long)+0x70
V  [libjvm.so+0x9947e7]  VM_ParallelGCFailedAllocation::doit()+0x97
V  [libjvm.so+0x99bc15]  VM_Operation::evaluate()+0x55
V  [libjvm.so+0x99a04a]  VMThread::evaluate_operation(VM_Operation*)+0xba
V  [libjvm.so+0x99a3ce]  VMThread::loop()+0x1ce
V  [libjvm.so+0x99a840]  VMThread::run()+0x70
V  [libjvm.so+0x815538]  java_start(Thread*)+0x108

VM_Operation (0x00007fc239a87ff0): ParallelGCFailedAllocation, mode: safepoint, requested by thread 0x00007fc2441ea800


---------------  P R O C E S S  ---------------

Java Threads: ( => current thread )
  0x00007fc244008800 JavaThread "DestroyJavaVM" [_thread_blocked, id=9139, stack(0x00007fc24a3f5000,0x00007fc24a4f6000)]
  0x00007fc244590000 JavaThread "com.mchange.v2.async.ThreadPoolAsynchronousRunner$PoolThread-#2" daemon [_thread_blocked, id=9159, stack(0x00007fc238f45000,0x00007fc239046000)]
  0x00007fc244593800 JavaThread "com.mchange.v2.async.ThreadPoolAsynchronousRunner$PoolThread-#1" daemon [_thread_blocked, id=9158, stack(0x00007fc239046000,0x00007fc239147000)]
  0x00007fc24458e800 JavaThread "com.mchange.v2.async.ThreadPoolAsynchronousRunner$PoolThread-#0" daemon [_thread_blocked, id=9157, stack(0x00007fc239147000,0x00007fc239248000)]
  0x00007fc24457d800 JavaThread "Timer-0" daemon [_thread_blocked, id=9156, stack(0x00007fc239248000,0x00007fc239349000)]
  0x00007fc244522000 JavaThread "Abandoned connection cleanup thread" daemon [_thread_blocked, id=9155, stack(0x00007fc239586000,0x00007fc239687000)]
  0x00007fc24429e000 JavaThread "New I/O server boss #5" [_thread_in_native, id=9154, stack(0x00007fc239687000,0x00007fc239788000)]
  0x00007fc24428c000 JavaThread "New I/O worker #4" [_thread_blocked, id=9153, stack(0x00007fc239788000,0x00007fc239889000)]
  0x00007fc2441e5800 JavaThread "New I/O worker #3" [_thread_blocked, id=9152, stack(0x00007fc239889000,0x00007fc23998a000)]
  0x00007fc2441ea800 JavaThread "New I/O worker #2" [_thread_blocked, id=9151, stack(0x00007fc23998a000,0x00007fc239a8b000)]
  0x00007fc2441de800 JavaThread "New I/O worker #1" [_thread_blocked, id=9150, stack(0x00007fc239a8b000,0x00007fc239b8c000)]
  0x00007fc244117000 JavaThread "Service Thread" daemon [_thread_blocked, id=9148, stack(0x00007fc23a3b5000,0x00007fc23a4b6000)]
  0x00007fc244114800 JavaThread "C2 CompilerThread1" daemon [_thread_blocked, id=9147, stack(0x00007fc23a4b6000,0x00007fc23a5b7000)]
  0x00007fc244112000 JavaThread "C2 CompilerThread0" daemon [_thread_blocked, id=9146, stack(0x00007fc23a5b7000,0x00007fc23a6b8000)]
  0x00007fc244107800 JavaThread "Signal Dispatcher" daemon [_thread_blocked, id=9145, stack(0x00007fc23a6b8000,0x00007fc23a7b9000)]
  0x00007fc2440f1000 JavaThread "Finalizer" daemon [_thread_blocked, id=9144, stack(0x00007fc23a7b9000,0x00007fc23a8ba000)]
  0x00007fc2440ed000 JavaThread "Reference Handler" daemon [_thread_blocked, id=9143, stack(0x00007fc23a8ba000,0x00007fc23a9bb000)]

Other Threads:
=>0x00007fc2440ea800 VMThread [stack: 0x00007fc23a9bb000,0x00007fc23aabc000] [id=9142]
  0x00007fc244122000 WatcherThread [stack: 0x00007fc23a2b4000,0x00007fc23a3b5000] [id=9149]

VM state:at safepoint (normal execution)

VM Mutex/Monitor currently owned by a thread:  ([mutex/lock_event])
[0x00007fc244005790] ExpandHeap_lock - owner thread: 0x00007fc2440ea800
[0x00007fc244005e10] Threads_lock - owner thread: 0x00007fc2440ea800
[0x00007fc244006310] Heap_lock - owner thread: 0x00007fc2441ea800

Heap
 PSYoungGen      total 105984K, used 0K [0x00000000f6300000, 0x00000000ff680000, 0x0000000100000000)
  eden space 64000K, 0% used [0x00000000f6300000,0x00000000f6300000,0x00000000fa180000)
  from space 41984K, 0% used [0x00000000fcd80000,0x00000000fcd80000,0x00000000ff680000)
  to   space 43520K, 0% used [0x00000000fa180000,0x00000000fa180000,0x00000000fcc00000)
 ParOldGen       total 218624K, used 216986K [0x00000000e2a00000, 0x00000000eff80000, 0x00000000f6300000)
  object space 218624K, 99% used [0x00000000e2a00000,0x00000000efde6a98,0x00000000eff80000)
 PSPermGen       total 55808K, used 26988K [0x00000000dd800000, 0x00000000e0e80000, 0x00000000e2a00000)
  object space 55808K, 48% used [0x00000000dd800000,0x00000000df25b2e8,0x00000000e0e80000)

Card table byte_map: [0x00007fc2480d5000,0x00007fc2481ea000] byte_map_base: 0x00007fc2479e9000

Polling page: 0x00007fc24a4fd000

Code Cache  [0x00007fc240bd7000, 0x00007fc240ed7000, 0x00007fc243bd7000)
 total_blobs=1389 nmethods=952 adapters=390 free_code_cache=46196Kb largest_free_block=47200960

Compilation events (10 events):
Event: 61977.711 Thread 0x00007fc244114800 nmethod 992 0x00007fc240ebd810 code [0x00007fc240ebd940, 0x00007fc240ebd998]
Event: 61977.711 Thread 0x00007fc244114800  993   !         sun.reflect.GeneratedMethodAccessor135::invoke (140 bytes)
Event: 61977.711 Thread 0x00007fc244112000 nmethod 991 0x00007fc240ec3350 code [0x00007fc240ec34a0, 0x00007fc240ec3538]
Event: 61977.711 Thread 0x00007fc244112000  994 % !         org.hibernate.loader.Loader::doQuery @ 158 (316 bytes)
Event: 61977.717 Thread 0x00007fc244114800 nmethod 993 0x00007fc240ec47d0 code [0x00007fc240ec4960, 0x00007fc240ec4b38]
Event: 61977.815 Thread 0x00007fc244114800  995             org.hibernate.internal.util.collections.IdentityMap$IdentityKey::equals (20 bytes)
Event: 61977.816 Thread 0x00007fc244114800 nmethod 995 0x00007fc240ec1910 code [0x00007fc240ec1a60, 0x00007fc240ec1af8]
Event: 61977.832 Thread 0x00007fc244112000 nmethod 994% 0x00007fc240ec8390 code [0x00007fc240ec86a0, 0x00007fc240eca518]
Event: 61980.716 Thread 0x00007fc244114800  996   !         org.hibernate.loader.Loader::doQuery (316 bytes)
Event: 61980.952 Thread 0x00007fc244114800 nmethod 996 0x00007fc240ecf450 code [0x00007fc240ecf7e0, 0x00007fc240ed1710]

GC Heap History (10 events):
Event: 61979.492 GC heap after
Heap after GC invocations=32 (full 3):
 PSYoungGen      total 92672K, used 32727K [0x00000000f6300000, 0x00000000ff780000, 0x0000000100000000)
  eden space 46592K, 0% used [0x00000000f6300000,0x00000000f6300000,0x00000000f9080000)
  from space 46080K, 71% used [0x00000000f9080000,0x00000000fb075ea0,0x00000000fbd80000)
  to   space 48640K, 0% used [0x00000000fc800000,0x00000000fc800000,0x00000000ff780000)
 ParOldGen       total 168960K, used 140653K [0x00000000e2a00000, 0x00000000ecf00000, 0x00000000f6300000)
  object space 168960K, 83% used [0x00000000e2a00000,0x00000000eb35b778,0x00000000ecf00000)
 PSPermGen       total 58880K, used 26988K [0x00000000dd800000, 0x00000000e1180000, 0x00000000e2a00000)
  object space 58880K, 45% used [0x00000000dd800000,0x00000000df25b2e8,0x00000000e1180000)
}
Event: 61979.548 GC heap before
{Heap before GC invocations=33 (full 3):
 PSYoungGen      total 92672K, used 79319K [0x00000000f6300000, 0x00000000ff780000, 0x0000000100000000)
  eden space 46592K, 100% used [0x00000000f6300000,0x00000000f9080000,0x00000000f9080000)
  from space 46080K, 71% used [0x00000000f9080000,0x00000000fb075ea0,0x00000000fbd80000)
  to   space 48640K, 0% used [0x00000000fc800000,0x00000000fc800000,0x00000000ff780000)
 ParOldGen       total 168960K, used 140653K [0x00000000e2a00000, 0x00000000ecf00000, 0x00000000f6300000)
  object space 168960K, 83% used [0x00000000e2a00000,0x00000000eb35b778,0x00000000ecf00000)
 PSPermGen       total 58880K, used 26988K [0x00000000dd800000, 0x00000000e1180000, 0x00000000e2a00000)
  object space 58880K, 45% used [0x00000000dd800000,0x00000000df25b2e8,0x00000000e1180000)
Event: 61979.646 GC heap after
Heap after GC invocations=33 (full 3):
 PSYoungGen      total 102400K, used 23639K [0x00000000f6300000, 0x00000000ff600000, 0x0000000100000000)
  eden space 55296K, 0% used [0x00000000f6300000,0x00000000f6300000,0x00000000f9900000)
  from space 47104K, 50% used [0x00000000fc800000,0x00000000fdf15ea0,0x00000000ff600000)
  to   space 47616K, 0% used [0x00000000f9900000,0x00000000f9900000,0x00000000fc780000)
 ParOldGen       total 168960K, used 160829K [0x00000000e2a00000, 0x00000000ecf00000, 0x00000000f6300000)
  object space 168960K, 95% used [0x00000000e2a00000,0x00000000ec70f778,0x00000000ecf00000)
 PSPermGen       total 58880K, used 26988K [0x00000000dd800000, 0x00000000e1180000, 0x00000000e2a00000)
  object space 58880K, 45% used [0x00000000dd800000,0x00000000df25b2e8,0x00000000e1180000)
}
Event: 61979.646 GC heap before
{Heap before GC invocations=34 (full 4):
 PSYoungGen      total 102400K, used 23639K [0x00000000f6300000, 0x00000000ff600000, 0x0000000100000000)
  eden space 55296K, 0% used [0x00000000f6300000,0x00000000f6300000,0x00000000f9900000)
  from space 47104K, 50% used [0x00000000fc800000,0x00000000fdf15ea0,0x00000000ff600000)
  to   space 47616K, 0% used [0x00000000f9900000,0x00000000f9900000,0x00000000fc780000)
 ParOldGen       total 168960K, used 160829K [0x00000000e2a00000, 0x00000000ecf00000, 0x00000000f6300000)
  object space 168960K, 95% used [0x00000000e2a00000,0x00000000ec70f778,0x00000000ecf00000)
 PSPermGen       total 58880K, used 26988K [0x00000000dd800000, 0x00000000e1180000, 0x00000000e2a00000)
  object space 58880K, 45% used [0x00000000dd800000,0x00000000df25b2e8,0x00000000e1180000)
Event: 61980.666 GC heap after
Heap after GC invocations=34 (full 4):
 PSYoungGen      total 102400K, used 15417K [0x00000000f6300000, 0x00000000ff600000, 0x0000000100000000)
  eden space 55296K, 0% used [0x00000000f6300000,0x00000000f6300000,0x00000000f9900000)
  from space 47104K, 32% used [0x00000000fc800000,0x00000000fd70e448,0x00000000ff600000)
  to   space 47616K, 0% used [0x00000000f9900000,0x00000000f9900000,0x00000000fc780000)
 ParOldGen       total 218624K, used 168736K [0x00000000e2a00000, 0x00000000eff80000, 0x00000000f6300000)
  object space 218624K, 77% used [0x00000000e2a00000,0x00000000ecec8230,0x00000000eff80000)
 PSPermGen       total 55808K, used 26988K [0x00000000dd800000, 0x00000000e0e80000, 0x00000000e2a00000)
  object space 55808K, 48% used [0x00000000dd800000,0x00000000df25b2e8,0x00000000e0e80000)
}
Event: 61980.741 GC heap before
{Heap before GC invocations=35 (full 4):
 PSYoungGen      total 102400K, used 70713K [0x00000000f6300000, 0x00000000ff600000, 0x0000000100000000)
  eden space 55296K, 100% used [0x00000000f6300000,0x00000000f9900000,0x00000000f9900000)
  from space 47104K, 32% used [0x00000000fc800000,0x00000000fd70e448,0x00000000ff600000)
  to   space 47616K, 0% used [0x00000000f9900000,0x00000000f9900000,0x00000000fc780000)
 ParOldGen       total 218624K, used 168736K [0x00000000e2a00000, 0x00000000eff80000, 0x00000000f6300000)
  object space 218624K, 77% used [0x00000000e2a00000,0x00000000ecec8230,0x00000000eff80000)
 PSPermGen       total 55808K, used 26988K [0x00000000dd800000, 0x00000000e0e80000, 0x00000000e2a00000)
  object space 55808K, 48% used [0x00000000dd800000,0x00000000df25b2e8,0x00000000e0e80000)
Event: 61980.870 GC heap after
Heap after GC invocations=35 (full 4):
 PSYoungGen      total 102912K, used 13792K [0x00000000f6300000, 0x00000000ffa00000, 0x0000000100000000)
  eden space 55296K, 0% used [0x00000000f6300000,0x00000000f6300000,0x00000000f9900000)
  from space 47616K, 28% used [0x00000000f9900000,0x00000000fa678020,0x00000000fc780000)
  to   space 45568K, 0% used [0x00000000fcd80000,0x00000000fcd80000,0x00000000ffa00000)
 ParOldGen       total 218624K, used 184216K [0x00000000e2a00000, 0x00000000eff80000, 0x00000000f6300000)
  object space 218624K, 84% used [0x00000000e2a00000,0x00000000edde60d0,0x00000000eff80000)
 PSPermGen       total 55808K, used 26988K [0x00000000dd800000, 0x00000000e0e80000, 0x00000000e2a00000)
  object space 55808K, 48% used [0x00000000dd800000,0x00000000df25b2e8,0x00000000e0e80000)
}
Event: 61980.973 GC heap before
{Heap before GC invocations=36 (full 4):
 PSYoungGen      total 102912K, used 69088K [0x00000000f6300000, 0x00000000ffa00000, 0x0000000100000000)
  eden space 55296K, 100% used [0x00000000f6300000,0x00000000f9900000,0x00000000f9900000)
  from space 47616K, 28% used [0x00000000f9900000,0x00000000fa678020,0x00000000fc780000)
  to   space 45568K, 0% used [0x00000000fcd80000,0x00000000fcd80000,0x00000000ffa00000)
 ParOldGen       total 218624K, used 184216K [0x00000000e2a00000, 0x00000000eff80000, 0x00000000f6300000)
  object space 218624K, 84% used [0x00000000e2a00000,0x00000000edde60d0,0x00000000eff80000)
 PSPermGen       total 55808K, used 26988K [0x00000000dd800000, 0x00000000e0e80000, 0x00000000e2a00000)
  object space 55808K, 48% used [0x00000000dd800000,0x00000000df25b2e8,0x00000000e0e80000)
Event: 61981.061 GC heap after
Heap after GC invocations=36 (full 4):
 PSYoungGen      total 105984K, used 20766K [0x00000000f6300000, 0x00000000ff680000, 0x0000000100000000)
  eden space 64000K, 0% used [0x00000000f6300000,0x00000000f6300000,0x00000000fa180000)
  from space 41984K, 49% used [0x00000000fcd80000,0x00000000fe1c7bb8,0x00000000ff680000)
  to   space 43520K, 0% used [0x00000000fa180000,0x00000000fa180000,0x00000000fcc00000)
 ParOldGen       total 218624K, used 198040K [0x00000000e2a00000, 0x00000000eff80000, 0x00000000f6300000)
  object space 218624K, 90% used [0x00000000e2a00000,0x00000000eeb660f0,0x00000000eff80000)
 PSPermGen       total 55808K, used 26988K [0x00000000dd800000, 0x00000000e0e80000, 0x00000000e2a00000)
  object space 55808K, 48% used [0x00000000dd800000,0x00000000df25b2e8,0x00000000e0e80000)
}
Event: 61981.061 GC heap before
{Heap before GC invocations=37 (full 5):
 PSYoungGen      total 105984K, used 20766K [0x00000000f6300000, 0x00000000ff680000, 0x0000000100000000)
  eden space 64000K, 0% used [0x00000000f6300000,0x00000000f6300000,0x00000000fa180000)
  from space 41984K, 49% used [0x00000000fcd80000,0x00000000fe1c7bb8,0x00000000ff680000)
  to   space 43520K, 0% used [0x00000000fa180000,0x00000000fa180000,0x00000000fcc00000)
 ParOldGen       total 218624K, used 198040K [0x00000000e2a00000, 0x00000000eff80000, 0x00000000f6300000)
  object space 218624K, 90% used [0x00000000e2a00000,0x00000000eeb660f0,0x00000000eff80000)
 PSPermGen       total 55808K, used 26988K [0x00000000dd800000, 0x00000000e0e80000, 0x00000000e2a00000)
  object space 55808K, 48% used [0x00000000dd800000,0x00000000df25b2e8,0x00000000e0e80000)

Deoptimization events (10 events):
Event: 59267.060 Thread 0x00007fc2441ea800 Uncommon trap: reason=class_check action=maybe_recompile pc=0x00007fc240dba0a8 method=com.mysql.jdbc.ResultSetImpl.getInt(I)I @ 32
Event: 59267.060 Thread 0x00007fc2441ea800 Uncommon trap: reason=class_check action=maybe_recompile pc=0x00007fc240da87b8 method=com.mysql.jdbc.ResultSetImpl.getIntWithOverflowCheck(I)I @ 5
Event: 59267.060 Thread 0x00007fc2441ea800 Uncommon trap: reason=class_check action=maybe_recompile pc=0x00007fc240dba0a8 method=com.mysql.jdbc.ResultSetImpl.getInt(I)I @ 32
Event: 59267.061 Thread 0x00007fc2441ea800 Uncommon trap: reason=class_check action=maybe_recompile pc=0x00007fc240da87b8 method=com.mysql.jdbc.ResultSetImpl.getIntWithOverflowCheck(I)I @ 5
Event: 59272.039 Thread 0x00007fc20001f000 Uncommon trap: reason=bimorphic action=maybe_recompile pc=0x00007fc240d4cea8 method=java.util.HashMap$KeySet.iterator()Ljava/util/Iterator; @ 4
Event: 59277.040 Thread 0x00007fc20001f000 Uncommon trap: reason=bimorphic action=maybe_recompile pc=0x00007fc240d4cea8 method=java.util.HashMap$KeySet.iterator()Ljava/util/Iterator; @ 4
Event: 61977.428 Thread 0x00007fc24428c000 Uncommon trap: reason=unreached action=reinterpret pc=0x00007fc240d1ef10 method=java.lang.ref.SoftReference.get()Ljava/lang/Object; @ 6
Event: 61977.429 Thread 0x00007fc24428c000 Uncommon trap: reason=unreached action=reinterpret pc=0x00007fc240ce6764 method=java.lang.ref.SoftReference.get()Ljava/lang/Object; @ 6
Event: 61977.429 Thread 0x00007fc24428c000 Uncommon trap: reason=unreached action=reinterpret pc=0x00007fc240d14ca4 method=java.lang.ref.SoftReference.get()Ljava/lang/Object; @ 6
Event: 61977.708 Thread 0x00007fc24428c000 Uncommon trap: reason=unreached action=reinterpret pc=0x00007fc240e986b4 method=org.hibernate.internal.util.collections.IdentityMap$IdentityKey.equals(Ljava/lang/Object;)Z @ 11

Internal exceptions (10 events):
Event: 4071.573 Thread 0x00007fc2441de800 Threw 0x00000000f6e5ad40 at /HUDSON/workspace/7u-2-build-linux-amd64@2/jdk7u51/527/hotspot/src/share/vm/prims/jvm.cpp:1244
Event: 4071.574 Thread 0x00007fc2441de800 Threw 0x00000000f6e5eaf0 at /HUDSON/workspace/7u-2-build-linux-amd64@2/jdk7u51/527/hotspot/src/share/vm/prims/jvm.cpp:1244
Event: 4071.576 Thread 0x00007fc2441de800 Threw 0x00000000f6e62708 at /HUDSON/workspace/7u-2-build-linux-amd64@2/jdk7u51/527/hotspot/src/share/vm/prims/jvm.cpp:1244
Event: 5077.205 Thread 0x00007fc2441ea800 Threw 0x00000000f7f878a0 at /HUDSON/workspace/7u-2-build-linux-amd64@2/jdk7u51/527/hotspot/src/share/vm/prims/jni.cpp:717
Event: 11484.920 Thread 0x00007fc24428c000 Threw 0x00000000f9035f70 at /HUDSON/workspace/7u-2-build-linux-amd64@2/jdk7u51/527/hotspot/src/share/vm/prims/jni.cpp:717
Event: 11484.930 Thread 0x00007fc2441de800 Threw 0x00000000f8e68b28 at /HUDSON/workspace/7u-2-build-linux-amd64@2/jdk7u51/527/hotspot/src/share/vm/prims/jni.cpp:717
Event: 40985.083 Thread 0x00007fc2441e5800 Threw 0x00000000f84709e0 at /HUDSON/workspace/7u-2-build-linux-amd64@2/jdk7u51/527/hotspot/src/share/vm/prims/jni.cpp:717
Event: 59263.790 Thread 0x00007fc2441ea800 Threw 0x00000000f7c37b68 at /HUDSON/workspace/7u-2-build-linux-amd64@2/jdk7u51/527/hotspot/src/share/vm/prims/jvm.cpp:1244
Event: 61977.428 Thread 0x00007fc24428c000 Threw 0x00000000f76c2210 at /HUDSON/workspace/7u-2-build-linux-amd64@2/jdk7u51/527/hotspot/src/share/vm/prims/jvm.cpp:1244
Event: 61977.428 Thread 0x00007fc24428c000 Implicit null exception at 0x00007fc240d1df9e to 0x00007fc240d1eee1

Events (10 events):
Event: 61979.206 Executing VM operation: ParallelGCFailedAllocation
Event: 61979.271 Executing VM operation: ParallelGCFailedAllocation done
Event: 61979.332 Executing VM operation: ParallelGCFailedAllocation
Event: 61979.492 Executing VM operation: ParallelGCFailedAllocation done
Event: 61979.548 Executing VM operation: ParallelGCFailedAllocation
Event: 61980.666 Executing VM operation: ParallelGCFailedAllocation done
Event: 61980.741 Executing VM operation: ParallelGCFailedAllocation
Event: 61980.870 Executing VM operation: ParallelGCFailedAllocation done
Event: 61980.952 Thread 0x00007fc244114800 flushing nmethod 0x00007fc240ca3910
Event: 61980.973 Executing VM operation: ParallelGCFailedAllocation


Dynamic libraries:
00400000-00401000 r-xp 00000000 ca:01 729457                             /usr/java/jdk/bin/java
00600000-00601000 rw-p 00000000 ca:01 729457                             /usr/java/jdk/bin/java
01a86000-01ac8000 rw-p 00000000 00:00 0                                  [heap]
dd800000-e0e80000 rw-p 00000000 00:00 0 
e0e80000-e1380000 ---p 00000000 00:00 0 
e1380000-e2a00000 rw-p 00000000 00:00 0 
e2a00000-eff80000 rw-p 00000000 00:00 0 
f3680000-f6300000 rw-p 00000000 00:00 0 
f6300000-ff680000 rw-p 00000000 00:00 0 
ff680000-ffa00000 ---p 00000000 00:00 0 
ffa00000-100000000 rw-p 00000000 00:00 0 
7fc1f8000000-7fc1f811d000 rw-p 00000000 00:00 0 
7fc1f811d000-7fc1fc000000 ---p 00000000 00:00 0 
7fc200000000-7fc200116000 rw-p 00000000 00:00 0 
7fc200116000-7fc204000000 ---p 00000000 00:00 0 
7fc204000000-7fc204256000 rw-p 00000000 00:00 0 
7fc204256000-7fc208000000 ---p 00000000 00:00 0 
7fc208000000-7fc2080de000 rw-p 00000000 00:00 0 
7fc2080de000-7fc20c000000 ---p 00000000 00:00 0 
7fc20c000000-7fc20c178000 rw-p 00000000 00:00 0 
7fc20c178000-7fc210000000 ---p 00000000 00:00 0 
7fc210000000-7fc210021000 rw-p 00000000 00:00 0 
7fc210021000-7fc214000000 ---p 00000000 00:00 0 
7fc214000000-7fc214955000 rw-p 00000000 00:00 0 
7fc214955000-7fc218000000 ---p 00000000 00:00 0 
7fc218000000-7fc219017000 rw-p 00000000 00:00 0 
7fc219017000-7fc21c000000 ---p 00000000 00:00 0 
7fc21e16f000-7fc224000000 r--p 00000000 ca:01 673661                     /usr/lib/locale/locale-archive
7fc224000000-7fc224021000 rw-p 00000000 00:00 0 
7fc224021000-7fc228000000 ---p 00000000 00:00 0 
7fc228000000-7fc228021000 rw-p 00000000 00:00 0 
7fc228021000-7fc22c000000 ---p 00000000 00:00 0 
7fc22c000000-7fc22c27d000 rw-p 00000000 00:00 0 
7fc22c27d000-7fc230000000 ---p 00000000 00:00 0 
7fc230000000-7fc230021000 rw-p 00000000 00:00 0 
7fc230021000-7fc234000000 ---p 00000000 00:00 0 
7fc234000000-7fc234047000 rw-p 00000000 00:00 0 
7fc234047000-7fc238000000 ---p 00000000 00:00 0 
7fc2388e6000-7fc2388e9000 ---p 00000000 00:00 0 
7fc2388e9000-7fc2389e7000 rw-p 00000000 00:00 0 
7fc2389e7000-7fc2389ea000 ---p 00000000 00:00 0 
7fc2389ea000-7fc238ae8000 rw-p 00000000 00:00 0 
7fc238ae8000-7fc238afe000 r-xp 00000000 ca:01 729409                     /lib64/libgcc_s-4.4.7-20120601.so.1
7fc238afe000-7fc238cfd000 ---p 00016000 ca:01 729409                     /lib64/libgcc_s-4.4.7-20120601.so.1
7fc238cfd000-7fc238cfe000 rw-p 00015000 ca:01 729409                     /lib64/libgcc_s-4.4.7-20120601.so.1
7fc238cfe000-7fc238d30000 r-xp 00000000 ca:01 730680                     /usr/java/jdk/jre/lib/amd64/libsunec.so
7fc238d30000-7fc238f2f000 ---p 00032000 ca:01 730680                     /usr/java/jdk/jre/lib/amd64/libsunec.so
7fc238f2f000-7fc238f35000 rw-p 00031000 ca:01 730680                     /usr/java/jdk/jre/lib/amd64/libsunec.so
7fc238f35000-7fc238f45000 rw-p 00000000 00:00 0 
7fc238f45000-7fc238f48000 ---p 00000000 00:00 0 
7fc238f48000-7fc239046000 rw-p 00000000 00:00 0 
7fc239046000-7fc239049000 ---p 00000000 00:00 0 
7fc239049000-7fc239147000 rw-p 00000000 00:00 0 
7fc239147000-7fc23914a000 ---p 00000000 00:00 0 
7fc23914a000-7fc239248000 rw-p 00000000 00:00 0 
7fc239248000-7fc23924b000 ---p 00000000 00:00 0 
7fc23924b000-7fc239349000 rw-p 00000000 00:00 0 
7fc239349000-7fc239351000 r-xp 00000000 ca:01 730701                     /usr/java/jdk/jre/lib/amd64/libmanagement.so
7fc239351000-7fc239550000 ---p 00008000 ca:01 730701                     /usr/java/jdk/jre/lib/amd64/libmanagement.so
7fc239550000-7fc239551000 rw-p 00007000 ca:01 730701                     /usr/java/jdk/jre/lib/amd64/libmanagement.so
7fc239551000-7fc239586000 r--s 00000000 ca:01 950301                     /var/db/nscd/hosts
7fc239586000-7fc239589000 ---p 00000000 00:00 0 
7fc239589000-7fc239687000 rw-p 00000000 00:00 0 
7fc239687000-7fc23968a000 ---p 00000000 00:00 0 
7fc23968a000-7fc239788000 rw-p 00000000 00:00 0 
7fc239788000-7fc23978b000 ---p 00000000 00:00 0 
7fc23978b000-7fc239889000 rw-p 00000000 00:00 0 
7fc239889000-7fc23988c000 ---p 00000000 00:00 0 
7fc23988c000-7fc23998a000 rw-p 00000000 00:00 0 
7fc23998a000-7fc23998d000 ---p 00000000 00:00 0 
7fc23998d000-7fc239a8b000 rw-p 00000000 00:00 0 
7fc239a8b000-7fc239a8e000 ---p 00000000 00:00 0 
7fc239a8e000-7fc239b8c000 rw-p 00000000 00:00 0 
7fc239b8c000-7fc239b9c000 r-xp 00000000 ca:01 730657                     /usr/java/jdk/jre/lib/amd64/libnio.so
7fc239b9c000-7fc239d9c000 ---p 00010000 ca:01 730657                     /usr/java/jdk/jre/lib/amd64/libnio.so
7fc239d9c000-7fc239d9d000 rw-p 00010000 ca:01 730657                     /usr/java/jdk/jre/lib/amd64/libnio.so
7fc239d9d000-7fc23a09d000 rw-p 00000000 00:00 0 
7fc23a09d000-7fc23a0b3000 r-xp 00000000 ca:01 730662                     /usr/java/jdk/jre/lib/amd64/libnet.so
7fc23a0b3000-7fc23a2b3000 ---p 00016000 ca:01 730662                     /usr/java/jdk/jre/lib/amd64/libnet.so
7fc23a2b3000-7fc23a2b4000 rw-p 00016000 ca:01 730662                     /usr/java/jdk/jre/lib/amd64/libnet.so
7fc23a2b4000-7fc23a2b5000 ---p 00000000 00:00 0 
7fc23a2b5000-7fc23a3b5000 rw-p 00000000 00:00 0 
7fc23a3b5000-7fc23a3b8000 ---p 00000000 00:00 0 
7fc23a3b8000-7fc23a4b6000 rw-p 00000000 00:00 0 
7fc23a4b6000-7fc23a4b9000 ---p 00000000 00:00 0 
7fc23a4b9000-7fc23a5b7000 rw-p 00000000 00:00 0 
7fc23a5b7000-7fc23a5ba000 ---p 00000000 00:00 0 
7fc23a5ba000-7fc23a6b8000 rw-p 00000000 00:00 0 
7fc23a6b8000-7fc23a6bb000 ---p 00000000 00:00 0 
7fc23a6bb000-7fc23a7b9000 rw-p 00000000 00:00 0 
7fc23a7b9000-7fc23a7bc000 ---p 00000000 00:00 0 
7fc23a7bc000-7fc23a8ba000 rw-p 00000000 00:00 0 
7fc23a8ba000-7fc23a8bd000 ---p 00000000 00:00 0 
7fc23a8bd000-7fc23a9bb000 rw-p 00000000 00:00 0 
7fc23a9bb000-7fc23a9bc000 ---p 00000000 00:00 0 
7fc23a9bc000-7fc23c000000 rw-p 00000000 00:00 0 
7fc23c000000-7fc23c029000 rw-p 00000000 00:00 0 
7fc23c029000-7fc240000000 ---p 00000000 00:00 0 
7fc240009000-7fc24000a000 rw-p 00000000 00:00 0 
7fc24000a000-7fc24000e000 r--s 0002d000 ca:01 780106                     /usr/java/jdk/jre/lib/ext/sunjce_provider.jar
7fc24000e000-7fc240011000 r--s 00037000 ca:01 780109                     /usr/java/jdk/jre/lib/ext/sunpkcs11.jar
7fc240011000-7fc240013000 r--s 00019000 ca:01 730727                     /usr/java/jdk/jre/lib/jce.jar
7fc240013000-7fc240016000 r--s 00084000 ca:01 780111                     /usr/java/jdk/jre/lib/ext/localedata.jar
7fc240016000-7fc240021000 r--s 0037c000 ca:01 730159                     /usr/java/jdk/jre/lib/charsets.jar
7fc240021000-7fc240026000 r--s 0008a000 ca:01 730171                     /usr/java/jdk/jre/lib/jsse.jar
7fc240026000-7fc240030000 r--s 00250000 ca:01 730181                     /usr/java/jdk/jre/lib/resources.jar
7fc240030000-7fc240048000 r--s 00115000 ca:01 245793                     /home/dragon/mgs/lib/netty-3.9.0.Final.jar
7fc240048000-7fc240050000 r--s 000c4000 ca:01 245791                     /home/dragon/mgs/lib/mysql-connector-java-5.1.22-bin.jar
7fc240050000-7fc24005e000 r--s 0005c000 ca:01 245790                     /home/dragon/mgs/lib/mopo_v1.0.0_20121121_release.jar
7fc24005e000-7fc24006c000 r--s 0005c000 ca:01 245789                     /home/dragon/mgs/lib/md5.jar
7fc24006c000-7fc240073000 r--s 00051000 ca:01 245786                     /home/dragon/mgs/lib/mail.jar
7fc240073000-7fc240077000 r--s 00022000 ca:01 245783                     /home/dragon/mgs/lib/json-lib-2.3-jdk15.jar
7fc240077000-7fc240078000 r--s 00002000 ca:01 245781                     /home/dragon/mgs/lib/jboss-transaction-api_1.1_spec-1.0.0.Final.jar
7fc240078000-7fc24007a000 r--s 0000d000 ca:01 245779                     /home/dragon/mgs/lib/jboss-logging-3.1.0.GA.jar
7fc24007a000-7fc240083000 r--s 00096000 ca:01 245776                     /home/dragon/mgs/lib/javassist-3.15.0-GA.jar
7fc240083000-7fc240088000 r--s 00015000 ca:01 245787                     /home/dragon/mgs/lib/hibernate-jpa-2.0-api-1.0.1.Final.jar
7fc240088000-7fc2400d6000 r--s 003fc000 ca:01 245785                     /home/dragon/mgs/lib/hibernate-core-4.1.8.Final.jar
7fc2400d6000-7fc2400d9000 r--s 00011000 ca:01 245784                     /home/dragon/mgs/lib/hibernate-commons-annotations-4.0.1.Final.jar
7fc2400d9000-7fc2400da000 r--s 0000a000 ca:01 245782                     /home/dragon/mgs/lib/hibernate-c3p0-4.1.8.Final.jar
7fc2400da000-7fc2400dd000 r--s 00013000 ca:01 245780                     /home/dragon/mgs/lib/ezmorph-1.0.6.jar
7fc2400dd000-7fc2400e2000 r--s 00048000 ca:01 245778                     /home/dragon/mgs/lib/dom4j-1.6.1.jar
7fc2400e2000-7fc240632000 rw-p 00000000 00:00 0 
7fc240632000-7fc2407f0000 r--s 039e0000 ca:01 730715                     /usr/java/jdk/jre/lib/rt.jar
7fc2407f0000-7fc2409d5000 rw-p 00000000 00:00 0 
7fc2409d5000-7fc2409d6000 ---p 00000000 00:00 0 
7fc2409d6000-7fc240ad6000 rw-p 00000000 00:00 0 
7fc240ad6000-7fc240ad7000 ---p 00000000 00:00 0 
7fc240ad7000-7fc240bd7000 rw-p 00000000 00:00 0 
7fc240bd7000-7fc240ed7000 rwxp 00000000 00:00 0 
7fc240ed7000-7fc243bd7000 rw-p 00000000 00:00 0 
7fc243bd7000-7fc243bf1000 r-xp 00000000 ca:01 730704                     /usr/java/jdk/jre/lib/amd64/libzip.so
7fc243bf1000-7fc243df1000 ---p 0001a000 ca:01 730704                     /usr/java/jdk/jre/lib/amd64/libzip.so
7fc243df1000-7fc243df2000 rw-p 0001a000 ca:01 730704                     /usr/java/jdk/jre/lib/amd64/libzip.so
7fc243df2000-7fc243dfe000 r-xp 00000000 ca:01 729117                     /lib64/libnss_files-2.12.so
7fc243dfe000-7fc243ffe000 ---p 0000c000 ca:01 729117                     /lib64/libnss_files-2.12.so
7fc243ffe000-7fc243fff000 r--p 0000c000 ca:01 729117                     /lib64/libnss_files-2.12.so
7fc243fff000-7fc244000000 rw-p 0000d000 ca:01 729117                     /lib64/libnss_files-2.12.so
7fc244000000-7fc24484f000 rw-p 00000000 00:00 0 
7fc24484f000-7fc248000000 ---p 00000000 00:00 0 
7fc248000000-7fc248001000 r--s 00003000 ca:01 780112                     /usr/java/jdk/jre/lib/ext/sunec.jar
7fc248001000-7fc248003000 r--s 00008000 ca:01 245777                     /home/dragon/mgs/lib/commons-logging-1.0.4.jar
7fc248003000-7fc248007000 r--s 00038000 ca:01 245775                     /home/dragon/mgs/lib/commons-lang.jar
7fc248007000-7fc24800b000 r--s 0002a000 ca:01 245773                     /home/dragon/mgs/lib/commons-io-2.4.jar
7fc24800b000-7fc248018000 r--s 0007c000 ca:01 245772                     /home/dragon/mgs/lib/commons-collections-3.1.jar
7fc248018000-7fc24801d000 r--s 0002a000 ca:01 245771                     /home/dragon/mgs/lib/commons-beanutils-1.7.0.jar
7fc24801d000-7fc248028000 r--s 0008a000 ca:01 245770                     /home/dragon/mgs/lib/c3p0-0.9.1.jar
7fc248028000-7fc24802d000 r--s 00068000 ca:01 245769                     /home/dragon/mgs/lib/antlr-2.7.7.jar
7fc24802d000-7fc2480a3000 rw-p 00000000 00:00 0 
7fc2480a3000-7fc2480d5000 rw-p 00000000 00:00 0 
7fc2480d5000-7fc2480f1000 rw-p 00000000 00:00 0 
7fc2480f1000-7fc2480f3000 ---p 00000000 00:00 0 
7fc2480f3000-7fc2480fe000 rw-p 00000000 00:00 0 
7fc2480fe000-7fc248169000 rw-p 00000000 00:00 0 
7fc248169000-7fc24819a000 rw-p 00000000 00:00 0 
7fc24819a000-7fc2481e5000 rw-p 00000000 00:00 0 
7fc2481e5000-7fc2481e6000 ---p 00000000 00:00 0 
7fc2481e6000-7fc2481e9000 rw-p 00000000 00:00 0 
7fc2481e9000-7fc2481ea000 rw-p 00000000 00:00 0 
7fc2481ea000-7fc248213000 r-xp 00000000 ca:01 730688                     /usr/java/jdk/jre/lib/amd64/libjava.so
7fc248213000-7fc248413000 ---p 00029000 ca:01 730688                     /usr/java/jdk/jre/lib/amd64/libjava.so
7fc248413000-7fc248415000 rw-p 00029000 ca:01 730688                     /usr/java/jdk/jre/lib/amd64/libjava.so
7fc248415000-7fc248422000 r-xp 00000000 ca:01 730686                     /usr/java/jdk/jre/lib/amd64/libverify.so
7fc248422000-7fc248621000 ---p 0000d000 ca:01 730686                     /usr/java/jdk/jre/lib/amd64/libverify.so
7fc248621000-7fc248623000 rw-p 0000c000 ca:01 730686                     /usr/java/jdk/jre/lib/amd64/libverify.so
7fc248623000-7fc24862a000 r-xp 00000000 ca:01 729129                     /lib64/librt-2.12.so
7fc24862a000-7fc248829000 ---p 00007000 ca:01 729129                     /lib64/librt-2.12.so
7fc248829000-7fc24882a000 r--p 00006000 ca:01 729129                     /lib64/librt-2.12.so
7fc24882a000-7fc24882b000 rw-p 00007000 ca:01 729129                     /lib64/librt-2.12.so
7fc24882b000-7fc2488ae000 r-xp 00000000 ca:01 729109                     /lib64/libm-2.12.so
7fc2488ae000-7fc248aad000 ---p 00083000 ca:01 729109                     /lib64/libm-2.12.so
7fc248aad000-7fc248aae000 r--p 00082000 ca:01 729109                     /lib64/libm-2.12.so
7fc248aae000-7fc248aaf000 rw-p 00083000 ca:01 729109                     /lib64/libm-2.12.so
7fc248aaf000-7fc249611000 r-xp 00000000 ca:01 730694                     /usr/java/jdk/jre/lib/amd64/server/libjvm.so
7fc249611000-7fc249811000 ---p 00b62000 ca:01 730694                     /usr/java/jdk/jre/lib/amd64/server/libjvm.so
7fc249811000-7fc2498d4000 rw-p 00b62000 ca:01 730694                     /usr/java/jdk/jre/lib/amd64/server/libjvm.so
7fc2498d4000-7fc249915000 rw-p 00000000 00:00 0 
7fc249915000-7fc249a9f000 r-xp 00000000 ca:01 729101                     /lib64/libc-2.12.so
7fc249a9f000-7fc249c9e000 ---p 0018a000 ca:01 729101                     /lib64/libc-2.12.so
7fc249c9e000-7fc249ca2000 r--p 00189000 ca:01 729101                     /lib64/libc-2.12.so
7fc249ca2000-7fc249ca3000 rw-p 0018d000 ca:01 729101                     /lib64/libc-2.12.so
7fc249ca3000-7fc249ca8000 rw-p 00000000 00:00 0 
7fc249ca8000-7fc249caa000 r-xp 00000000 ca:01 729107                     /lib64/libdl-2.12.so
7fc249caa000-7fc249eaa000 ---p 00002000 ca:01 729107                     /lib64/libdl-2.12.so
7fc249eaa000-7fc249eab000 r--p 00002000 ca:01 729107                     /lib64/libdl-2.12.so
7fc249eab000-7fc249eac000 rw-p 00003000 ca:01 729107                     /lib64/libdl-2.12.so
7fc249eac000-7fc249ec2000 r-xp 00000000 ca:01 729521                     /usr/java/jdk/lib/amd64/jli/libjli.so
7fc249ec2000-7fc24a0c2000 ---p 00016000 ca:01 729521                     /usr/java/jdk/lib/amd64/jli/libjli.so
7fc24a0c2000-7fc24a0c3000 rw-p 00016000 ca:01 729521                     /usr/java/jdk/lib/amd64/jli/libjli.so
7fc24a0c3000-7fc24a0da000 r-xp 00000000 ca:01 729125                     /lib64/libpthread-2.12.so
7fc24a0da000-7fc24a2da000 ---p 00017000 ca:01 729125                     /lib64/libpthread-2.12.so
7fc24a2da000-7fc24a2db000 r--p 00017000 ca:01 729125                     /lib64/libpthread-2.12.so
7fc24a2db000-7fc24a2dc000 rw-p 00018000 ca:01 729125                     /lib64/libpthread-2.12.so
7fc24a2dc000-7fc24a2e0000 rw-p 00000000 00:00 0 
7fc24a2e0000-7fc24a300000 r-xp 00000000 ca:01 729091                     /lib64/ld-2.12.so
7fc24a300000-7fc24a304000 r--s 0002d000 ca:01 245774                     /home/dragon/mgs/lib/sunjce_provider.jar
7fc24a304000-7fc24a320000 rw-p 00000000 00:00 0 
7fc24a320000-7fc24a322000 ---p 00000000 00:00 0 
7fc24a322000-7fc24a32d000 rw-p 00000000 00:00 0 
7fc24a32d000-7fc24a339000 rw-p 00000000 00:00 0 
7fc24a339000-7fc24a3ed000 rw-p 00000000 00:00 0 
7fc24a3ed000-7fc24a3f5000 rw-s 00000000 ca:01 811026                     /tmp/hsperfdata_dragon/9138
7fc24a3f5000-7fc24a3f8000 ---p 00000000 00:00 0 
7fc24a3f8000-7fc24a4fa000 rw-p 00000000 00:00 0 
7fc24a4fa000-7fc24a4fc000 r--s 00014000 ca:01 245808                     /home/dragon/mgs/weiqi.jar
7fc24a4fc000-7fc24a4fd000 rw-p 00000000 00:00 0 
7fc24a4fd000-7fc24a4fe000 ---p 00000000 00:00 0 
7fc24a4fe000-7fc24a4ff000 rw-p 00000000 00:00 0 
7fc24a4ff000-7fc24a500000 r--p 0001f000 ca:01 729091                     /lib64/ld-2.12.so
7fc24a500000-7fc24a501000 rw-p 00020000 ca:01 729091                     /lib64/ld-2.12.so
7fc24a501000-7fc24a502000 rw-p 00000000 00:00 0 
7fff8039d000-7fff803b2000 rw-p 00000000 00:00 0                          [stack]
7fff803ff000-7fff80400000 r-xp 00000000 00:00 0                          [vdso]
ffffffffff600000-ffffffffff601000 r-xp 00000000 00:00 0                  [vsyscall]

VM Arguments:
jvm_args: -Djava.util.logging.config.file=weiqi.properties 
java_command: weiqi.jar 10000
Launcher Type: SUN_STANDARD

Environment Variables:
JAVA_HOME=/usr/java/jdk
CLASSPATH=.:/usr/java/jdk/lib/dt.jar:/usr/java/jdk/lib/tools.jar
PATH=/usr/local/bin:/bin:/usr/bin:/usr/local/sbin:/usr/sbin:/sbin:/usr/java/jdk/bin:/home/dragon/bin
SHELL=/bin/bash

Signal Handlers:
SIGSEGV: [libjvm.so+0x993870], sa_mask[0]=0x7ffbfeff, sa_flags=0x10000004
SIGBUS: [libjvm.so+0x993870], sa_mask[0]=0x7ffbfeff, sa_flags=0x10000004
SIGFPE: [libjvm.so+0x8105b0], sa_mask[0]=0x7ffbfeff, sa_flags=0x10000004
SIGPIPE: [libjvm.so+0x8105b0], sa_mask[0]=0x7ffbfeff, sa_flags=0x10000004
SIGXFSZ: [libjvm.so+0x8105b0], sa_mask[0]=0x7ffbfeff, sa_flags=0x10000004
SIGILL: [libjvm.so+0x8105b0], sa_mask[0]=0x7ffbfeff, sa_flags=0x10000004
SIGUSR1: SIG_DFL, sa_mask[0]=0x00000000, sa_flags=0x00000000
SIGUSR2: [libjvm.so+0x811aa0], sa_mask[0]=0x00000000, sa_flags=0x10000004
SIGHUP: SIG_IGN, sa_mask[0]=0x00000000, sa_flags=0x00000000
SIGINT: [libjvm.so+0x812a10], sa_mask[0]=0x7ffbfeff, sa_flags=0x10000004
SIGTERM: [libjvm.so+0x812a10], sa_mask[0]=0x7ffbfeff, sa_flags=0x10000004
SIGQUIT: [libjvm.so+0x812a10], sa_mask[0]=0x7ffbfeff, sa_flags=0x10000004


---------------  S Y S T E M  ---------------

OS:CentOS release 6.3 (Final)

uname:Linux 2.6.32-358.6.2.el6.x86_64 #1 SMP Thu May 16 20:59:36 UTC 2013 x86_64
libc:glibc 2.12 NPTL 2.12 
rlimit: STACK 10240k, CORE 0k, NPROC 1024, NOFILE 65535, AS infinity
load average:0.31 0.07 0.02

/proc/meminfo:
MemTotal:        1920944 kB
MemFree:           53300 kB
Buffers:             220 kB
Cached:             6996 kB
SwapCached:            0 kB
Active:          1763460 kB
Inactive:           5472 kB
Active(anon):    1762008 kB
Inactive(anon):      172 kB
Active(file):       1452 kB
Inactive(file):     5300 kB
Unevictable:           0 kB
Mlocked:               0 kB
SwapTotal:             0 kB
SwapFree:              0 kB
Dirty:                 0 kB
Writeback:             8 kB
AnonPages:       1761924 kB
Mapped:             1956 kB
Shmem:               256 kB
Slab:              47852 kB
SReclaimable:      14408 kB
SUnreclaim:        33444 kB
KernelStack:        2440 kB
PageTables:        13168 kB
NFS_Unstable:          0 kB
Bounce:                0 kB
WritebackTmp:          0 kB
CommitLimit:      960472 kB
Committed_AS:    2286180 kB
VmallocTotal:   34359738367 kB
VmallocUsed:       11100 kB
VmallocChunk:   34359725088 kB
HardwareCorrupted:     0 kB
AnonHugePages:   1140736 kB
HugePages_Total:       0
HugePages_Free:        0
HugePages_Rsvd:        0
HugePages_Surp:        0
Hugepagesize:       2048 kB
DirectMap4k:        6144 kB
DirectMap2M:     2091008 kB


CPU:total 2 (32 cores per cpu, 2 threads per core) family 6 model 45 stepping 7, cmov, cx8, fxsr, mmx, sse, sse2, sse3, ssse3, sse4.1, sse4.2, popcnt, aes, ht, tsc

/proc/cpuinfo:
processor	: 0
vendor_id	: GenuineIntel
cpu family	: 6
model		: 45
model name	: Intel(R) Xeon(R) CPU E5-2430 0 @ 2.20GHz
stepping	: 7
cpu MHz		: 2200.132
cache size	: 15360 KB
physical id	: 0
siblings	: 1
core id		: 0
cpu cores	: 1
apicid		: 0
initial apicid	: 0
fpu		: yes
fpu_exception	: yes
cpuid level	: 13
wp		: yes
flags		: fpu vme de pse tsc msr pae mce cx8 apic sep mtrr pge mca cmov pat clflush mmx fxsr sse sse2 ht syscall nx lm rep_good unfair_spinlock pni ssse3 cx16 sse4_1 sse4_2 popcnt aes hypervisor lahf_lm
bogomips	: 4400.26
clflush size	: 64
cache_alignment	: 64
address sizes	: 46 bits physical, 48 bits virtual
power management:

processor	: 1
vendor_id	: GenuineIntel
cpu family	: 6
model		: 45
model name	: Intel(R) Xeon(R) CPU E5-2430 0 @ 2.20GHz
stepping	: 7
cpu MHz		: 2200.132
cache size	: 15360 KB
physical id	: 2
siblings	: 1
core id		: 0
cpu cores	: 1
apicid		: 2
initial apicid	: 2
fpu		: yes
fpu_exception	: yes
cpuid level	: 13
wp		: yes
flags		: fpu vme de pse tsc msr pae mce cx8 apic sep mtrr pge mca cmov pat clflush mmx fxsr sse sse2 ht syscall nx lm rep_good unfair_spinlock pni ssse3 cx16 sse4_1 sse4_2 popcnt aes hypervisor lahf_lm
bogomips	: 4399.21
clflush size	: 64
cache_alignment	: 64
address sizes	: 46 bits physical, 48 bits virtual
power management:



Memory: 4k page, physical 1920944k(53300k free), swap 0k(0k free)

vm_info: Java HotSpot(TM) 64-Bit Server VM (24.51-b03) for linux-amd64 JRE (1.7.0_51-b13), built on Dec 18 2013 18:48:01 by "java_re" with gcc 4.3.0 20080428 (Red Hat 4.3.0-8)

time: Mon Dec 22 13:28:52 2014
elapsed time: 61983 seconds

